<?xml version='1.0' encoding='UTF-8'?>
<testsuite hostname="himanshu" name="HelloSpec" tests="1" errors="0" failures="0" time="0.014">
                     <properties>
[...]
</properties>
                     <testcase classname="HelloSpec" name="Hello should have tests" time="0.014">
                                                 
                                               </testcase>
                     <system-out></system-out>
                     <system-err></system-err>
                   </testsuite>